-------------------------------------------------------------------------------
Logging was attempted 2022-03-02 15:04:01
No logging was done as at 2022-03-02 15:04:01 as no update was found
-------------------------------------------------------------------------------
Logging was attempted 2022-03-02 15:05:01
No logging was done as at 2022-03-02 15:05:01 as no update was found
-------------------------------------------------------------------------------
Logging was attempted 2022-03-02 15:06:01
No logging was done as at 2022-03-02 15:06:01 as no update was found
-------------------------------------------------------------------------------
Logging was attempted 2022-03-02 15:07:01
No logging was done as at 2022-03-02 15:07:01 as no update was found
-------------------------------------------------------------------------------
Logging was attempted 2022-03-02 15:08:02
No logging was done as at 2022-03-02 15:08:02 as no update was found
-------------------------------------------------------------------------------
Logging was attempted 2022-03-02 15:09:01
No logging was done as at 2022-03-02 15:09:01 as no update was found
-------------------------------------------------------------------------------
Logging was attempted 2022-03-02 15:10:01
No logging was done as at 2022-03-02 15:10:01 as no update was found
-------------------------------------------------------------------------------
Logging was attempted 2022-03-02 15:11:01
No logging was done as at 2022-03-02 15:11:01 as no update was found
-------------------------------------------------------------------------------
Logging was attempted 2022-03-02 15:12:01
No logging was done as at 2022-03-02 15:12:01 as no update was found
-------------------------------------------------------------------------------
Logging was attempted 2022-03-02 15:13:02
No logging was done as at 2022-03-02 15:13:02 as no update was found
-------------------------------------------------------------------------------
Logging was attempted 2022-03-02 15:14:01
No logging was done as at 2022-03-02 15:14:01 as no update was found
-------------------------------------------------------------------------------
Logging was attempted 2022-03-02 15:15:01
No logging was done as at 2022-03-02 15:15:01 as no update was found
-------------------------------------------------------------------------------
Logging was attempted 2022-03-02 15:16:01
No logging was done as at 2022-03-02 15:16:01 as no update was found
-------------------------------------------------------------------------------
Logging was attempted 2022-03-02 15:17:02
No logging was done as at 2022-03-02 15:17:02 as no update was found
-------------------------------------------------------------------------------
Logging was attempted 2022-03-02 15:18:01
No logging was done as at 2022-03-02 15:18:01 as no update was found
-------------------------------------------------------------------------------
Logging was attempted 2022-03-02 15:19:01
No logging was done as at 2022-03-02 15:19:01 as no update was found
-------------------------------------------------------------------------------
Logging was attempted 2022-03-02 15:20:01
No logging was done as at 2022-03-02 15:20:01 as no update was found
-------------------------------------------------------------------------------
Logging was attempted 2022-03-02 15:21:01
No logging was done as at 2022-03-02 15:21:01 as no update was found
-------------------------------------------------------------------------------
Logging was attempted 2022-03-02 15:22:02
No logging was done as at 2022-03-02 15:22:02 as no update was found
-------------------------------------------------------------------------------
Logging was attempted 2022-03-02 15:23:01
No logging was done as at 2022-03-02 15:23:01 as no update was found
-------------------------------------------------------------------------------
Logging was attempted 2022-03-02 15:24:01
No logging was done as at 2022-03-02 15:24:01 as no update was found
-------------------------------------------------------------------------------
Logging was attempted 2022-03-02 15:25:01
No logging was done as at 2022-03-02 15:25:01 as no update was found
-------------------------------------------------------------------------------
Logging was attempted 2022-03-02 15:26:02
No logging was done as at 2022-03-02 15:26:02 as no update was found
-------------------------------------------------------------------------------
Logging was attempted 2022-03-02 15:27:01
No logging was done as at 2022-03-02 15:27:01 as no update was found
-------------------------------------------------------------------------------
Logging was attempted 2022-03-02 15:28:01
No logging was done as at 2022-03-02 15:28:01 as no update was found
-------------------------------------------------------------------------------
Logging was attempted 2022-03-02 15:29:01
No logging was done as at 2022-03-02 15:29:01 as no update was found
-------------------------------------------------------------------------------
Logging was attempted 2022-03-02 15:30:01
No logging was done as at 2022-03-02 15:30:01 as no update was found
-------------------------------------------------------------------------------
Logging was attempted 2022-03-02 15:31:02
No logging was done as at 2022-03-02 15:31:02 as no update was found
-------------------------------------------------------------------------------
Logging was attempted 2022-03-02 15:32:01
No logging was done as at 2022-03-02 15:32:01 as no update was found
-------------------------------------------------------------------------------
Logging was attempted 2022-03-02 15:33:01
No logging was done as at 2022-03-02 15:33:01 as no update was found
-------------------------------------------------------------------------------
Logging was attempted 2022-03-02 15:34:01
Logging ended 2022-03-02 15:34:01 as Node C is ahead of Node B by 5712 5824 
 Logging ended 2022-03-02 15:34:01 with 5824 as the last sucessfully logged ID
-------------------------------------------------------------------------------
Logging was attempted 2022-03-02 15:35:02
No logging was done as at 2022-03-02 15:35:02 as no update was found
-------------------------------------------------------------------------------
Logging was attempted 2022-03-02 15:36:01
No logging was done as at 2022-03-02 15:36:01 as no update was found
-------------------------------------------------------------------------------
Logging was attempted 2022-03-02 15:37:01
No logging was done as at 2022-03-02 15:37:01 as no update was found
-------------------------------------------------------------------------------
Logging was attempted 2022-03-02 15:38:01
Logging ended 2022-03-02 15:38:02 as Node C is ahead of Node B by 5714 5825 5826 
 Logging ended 2022-03-02 15:38:02 with 5826 as the last sucessfully logged ID
-------------------------------------------------------------------------------
Logging was attempted 2022-03-02 15:39:01
No logging was done as at 2022-03-02 15:39:01 as no update was found
-------------------------------------------------------------------------------
Logging was attempted 2022-03-02 15:40:01
No logging was done as at 2022-03-02 15:40:01 as no update was found
-------------------------------------------------------------------------------
Logging was attempted 2022-03-02 15:41:01
No logging was done as at 2022-03-02 15:41:01 as no update was found
-------------------------------------------------------------------------------
Logging was attempted 2022-03-02 15:42:02
No logging was done as at 2022-03-02 15:42:02 as no update was found
-------------------------------------------------------------------------------
Logging was attempted 2022-03-02 15:43:01
No logging was done as at 2022-03-02 15:43:01 as no update was found
-------------------------------------------------------------------------------
Logging was attempted 2022-03-02 15:44:01
No logging was done as at 2022-03-02 15:44:01 as no update was found
-------------------------------------------------------------------------------
Logging was attempted 2022-03-02 15:45:01
No logging was done as at 2022-03-02 15:45:01 as no update was found
-------------------------------------------------------------------------------
Logging was attempted 2022-03-02 15:46:01
No logging was done as at 2022-03-02 15:46:01 as no update was found
-------------------------------------------------------------------------------
Logging was attempted 2022-03-02 15:47:02
No logging was done as at 2022-03-02 15:47:02 as no update was found
-------------------------------------------------------------------------------
Logging was attempted 2022-03-02 15:48:01
No logging was done as at 2022-03-02 15:48:01 as no update was found
-------------------------------------------------------------------------------
Logging was attempted 2022-03-02 15:49:01
No logging was done as at 2022-03-02 15:49:01 as no update was found
-------------------------------------------------------------------------------
Logging was attempted 2022-03-02 15:50:01
No logging was done as at 2022-03-02 15:50:01 as no update was found
-------------------------------------------------------------------------------
Logging was attempted 2022-03-02 15:51:02
No logging was done as at 2022-03-02 15:51:02 as no update was found
